app/build/outputs/logs/manifest-merger-debug-report.txt
-- Merging decision tree log ---
manifest
ADDED from src/main/AndroidManifest.xml:2:1-68:12
	package
		ADDED from src/main/AndroidManifest.xml:3:5-39
		INJECTED from src/main/AndroidManifest.xml
		INJECTED from src/main/AndroidManifest.xml
	android:versionName
		ADDED from src/main/AndroidManifest.xml:5:5-30
	android:versionCode
		ADDED from src/main/AndroidManifest.xml:4:5-28
		INJECTED from src/main/AndroidManifest.xml
		INJECTED from src/main/AndroidManifest.xml
	xmlns:android
		ADDED from src/main/AndroidManifest.xml:2:11-69
uses-sdk
ADDED from src/main/AndroidManifest.xml:7:5-9:41
MERGED from [com.android.support:support-v4:20.0.0] AndroidManifest.xml:16:5-42
	android:targetSdkVersion
		ADDED from src/main/AndroidManifest.xml:9:9-38
		INJECTED from src/main/AndroidManifest.xml
		INJECTED from src/main/AndroidManifest.xml
	android:minSdkVersion
		ADDED from src/main/AndroidManifest.xml:8:9-35
		INJECTED from src/main/AndroidManifest.xml
		INJECTED from src/main/AndroidManifest.xml
uses-permission#android.permission.ACCESS_NETWORK_STATE
ADDED from src/main/AndroidManifest.xml:11:5-79
	android:name
		ADDED from src/main/AndroidManifest.xml:11:22-76
uses-permission#android.permission.INTERNET
ADDED from src/main/AndroidManifest.xml:12:5-67
	android:name
		ADDED from src/main/AndroidManifest.xml:12:22-64
uses-permission#com.android.launcher.permission.READ_SETTINGS
ADDED from src/main/AndroidManifest.xml:13:5-85
	android:name
		ADDED from src/main/AndroidManifest.xml:13:22-82
uses-permission#android.permission.WAKE_LOCK
ADDED from src/main/AndroidManifest.xml:14:5-68
	android:name
		ADDED from src/main/AndroidManifest.xml:14:22-65
uses-permission#android.permission.CHANGE_WIFI_STATE
ADDED from src/main/AndroidManifest.xml:15:5-76
	android:name
		ADDED from src/main/AndroidManifest.xml:15:22-73
uses-permission#android.permission.ACCESS_WIFI_STATE
ADDED from src/main/AndroidManifest.xml:16:5-76
	android:name
		ADDED from src/main/AndroidManifest.xml:16:22-73
uses-permission#android.permission.GET_TASKS
ADDED from src/main/AndroidManifest.xml:17:5-68
	android:name
		ADDED from src/main/AndroidManifest.xml:17:22-65
uses-permission#android.permission.WRITE_EXTERNAL_STORAGE
ADDED from src/main/AndroidManifest.xml:18:5-81
	android:name
		ADDED from src/main/AndroidManifest.xml:18:22-78
uses-permission#android.permission.WRITE_SETTINGS
ADDED from src/main/AndroidManifest.xml:19:5-73
	android:name
		ADDED from src/main/AndroidManifest.xml:19:22-70
android:uses-permission#android.permission.READ_PHONE_STATE
ADDED from src/main/AndroidManifest.xml:21:5-83
	android:name
		ADDED from src/main/AndroidManifest.xml:21:30-80
android:uses-permission#android.permission.READ_EXTERNAL_STORAGE
ADDED from src/main/AndroidManifest.xml:22:5-24:38
	android:maxSdkVersion
		ADDED from src/main/AndroidManifest.xml:24:9-35
	android:name
		ADDED from src/main/AndroidManifest.xml:23:9-64
application
ADDED from src/main/AndroidManifest.xml:26:5-66:19
MERGED from [com.android.support:support-v4:20.0.0] AndroidManifest.xml:17:5-19
	android:label
		ADDED from src/main/AndroidManifest.xml:29:9-41
	android:allowBackup
		ADDED from src/main/AndroidManifest.xml:27:9-35
	android:icon
		ADDED from src/main/AndroidManifest.xml:28:9-38
	android:theme
		ADDED from src/main/AndroidManifest.xml:30:9-40
activity#com.enixlin.jrrc_android.MainActivity
ADDED from src/main/AndroidManifest.xml:31:9-40:20
	android:label
		ADDED from src/main/AndroidManifest.xml:33:13-45
	android:windowSoftInputMode
		ADDED from src/main/AndroidManifest.xml:34:13-72
	android:name
		ADDED from src/main/AndroidManifest.xml:32:13-41
intent-filter#android.intent.action.MAIN+android.intent.category.LAUNCHER
ADDED from src/main/AndroidManifest.xml:35:13-39:29
action#android.intent.action.MAIN
ADDED from src/main/AndroidManifest.xml:36:17-69
	android:name
		ADDED from src/main/AndroidManifest.xml:36:25-66
category#android.intent.category.LAUNCHER
ADDED from src/main/AndroidManifest.xml:38:17-77
	android:name
		ADDED from src/main/AndroidManifest.xml:38:27-74
activity#com.enixlin.jrrc_android.Activity_Function
ADDED from src/main/AndroidManifest.xml:41:9-44:20
	android:label
		ADDED from src/main/AndroidManifest.xml:43:13-60
	android:name
		ADDED from src/main/AndroidManifest.xml:42:13-46
activity#com.enixlin.jrrc_android.Activity_Customer
ADDED from src/main/AndroidManifest.xml:45:9-48:20
	android:label
		ADDED from src/main/AndroidManifest.xml:47:13-70
	android:name
		ADDED from src/main/AndroidManifest.xml:46:13-46
activity#com.enixlin.jrrc_android.Activity_Policy
ADDED from src/main/AndroidManifest.xml:49:9-53:20
	android:label
		ADDED from src/main/AndroidManifest.xml:51:13-59
	android:windowSoftInputMode
		ADDED from src/main/AndroidManifest.xml:52:13-72
	android:name
		ADDED from src/main/AndroidManifest.xml:50:13-44
activity#com.enixlin.jrrc_android.Activity_Report
ADDED from src/main/AndroidManifest.xml:54:9-57:20
	android:label
		ADDED from src/main/AndroidManifest.xml:56:13-68
	android:name
		ADDED from src/main/AndroidManifest.xml:55:13-44
activity#com.enixlin.jrrc_android.Activity_Chart
ADDED from src/main/AndroidManifest.xml:58:9-61:20
	android:label
		ADDED from src/main/AndroidManifest.xml:60:13-67
	android:name
		ADDED from src/main/AndroidManifest.xml:59:13-43
activity#com.enixlin.jrrc_android.Activity_Mail
ADDED from src/main/AndroidManifest.xml:62:9-65:20
	android:label
		ADDED from src/main/AndroidManifest.xml:64:13-66
	android:name
		ADDED from src/main/AndroidManifest.xml:63:13-42